<?xml version="1.0" encoding="UTF-8"?>

<beans xmlns="http://www.springframework.org/schema/beans"
	xmlns:xsi="http://www.w3.org/2001/XMLSchema-instance" xmlns:cxf="http://activemq.apache.org/camel/schema/cxfEndpoint"
	xmlns:jaxws="http://cxf.apache.org/jaxws"
	xsi:schemaLocation="
       http://www.springframework.org/schema/beans http://www.springframework.org/schema/beans/spring-beans-2.5.xsd
       http://activemq.apache.org/camel/schema/spring http://activemq.apache.org/camel/schema/spring/camel-spring.xsd
       http://activemq.apache.org/camel/schema/cxfEndpoint http://activemq.apache.org/camel/schema/cxfEndpoint/camel-cxf.xsd">

	<import resource="camel-context.xml" />

	<bean id="propertyConfigurer"
		class="org.springframework.beans.factory.config.PropertyPlaceholderConfigurer">
		<property name="location" value="classpath:customeridservice.properties" />
	</bean>

	<bean id="entityManagerFactory"
		class="org.springframework.orm.jpa.LocalEntityManagerFactoryBean">
		<property name="persistenceUnitName" value="test" /> 
	</bean>

</beans>
